2026-03-31 18:39:24,581 [INFO] ==================================================
2026-03-31 18:39:24,581 [INFO] Iniciando varredura de menções...
2026-03-31 18:39:24,582 [INFO] ==================================================
2026-03-31 18:39:24,582 [INFO] Varrendo: Luiz Armando Costa (https://www.luizarmandocosta.com.br)
2026-03-31 18:39:27,164 [INFO]   → 27 artigos extraídos
2026-03-31 18:39:27,164 [INFO] Varrendo: T1 Notícias (https://t1noticias.com.br/estado/)
2026-03-31 18:39:34,866 [INFO]   → 18 artigos extraídos
2026-03-31 18:39:34,866 [INFO] Varrendo: Cleber Toledo (https://clebertoledo.com.br/categoria/tocantins/)
2026-03-31 18:39:36,524 [INFO]   → 25 artigos extraídos
2026-03-31 18:39:36,524 [INFO] Varrendo: AF Notícias (https://afnoticias.com.br)
2026-03-31 18:39:38,190 [INFO]   → 47 artigos extraídos
2026-03-31 18:39:38,190 [INFO]   🔔 NOVA MENÇÃO [INSTITUCIONAL]: Viatura da PMTO fica destruída após bater em poste e árvore; dois militares fica...
2026-03-31 18:39:38,191 [INFO]   🔔 NOVA MENÇÃO [INSTITUCIONAL]: PMTO tinha só 2 mulheres no início: conheça as pioneiras que abriram caminho...
2026-03-31 18:39:38,191 [INFO] Varrendo: Atitude Tocantins (https://atitudeto.com.br)
2026-03-31 18:39:39,021 [INFO]   → 48 artigos extraídos
2026-03-31 18:39:39,021 [INFO]   🔔 NOVA MENÇÃO [DIRETA]: Márcio Barbosa deixa Comando da PMTO como nome forte na disputa a deputado feder...
2026-03-31 18:39:39,022 [INFO] Varrendo: Jornal do Tocantins (https://www.jornaldotocantins.com.br)
2026-03-31 18:39:39,959 [INFO]   → 0 artigos extraídos
2026-03-31 18:39:39,959 [INFO] Varrendo: Gazeta do Cerrado (https://gazetadocerrado.com.br)
2026-03-31 18:39:40,763 [INFO]   → 56 artigos extraídos
2026-03-31 18:39:40,764 [INFO] Varrendo: Conexão Tocantins (https://conexaoto.com.br)
2026-03-31 18:39:42,305 [INFO]   → 81 artigos extraídos
2026-03-31 18:39:42,306 [INFO] Varrendo: Agência Tocantins (https://www.agenciatocantins.com.br/policia)
2026-03-31 18:39:43,623 [INFO]   → 25 artigos extraídos
2026-03-31 18:39:43,624 [INFO] Varrendo: Sou de Palmas (https://soudepalmas.com.br)
2026-03-31 18:39:44,462 [INFO]   → 54 artigos extraídos
2026-03-31 18:39:44,462 [INFO]   🔔 NOVA MENÇÃO [DIRETA]: Coronel Barbosa deixa comando da PMTO para pré-candidatura a deputado federal en...
2026-03-31 18:39:44,463 [INFO] Varrendo: Portal O Tocantins (https://otocantins.com.br)
2026-03-31 18:39:46,710 [INFO]   → 28 artigos extraídos
2026-03-31 18:39:46,711 [INFO] Varrendo: Foco Tocantins (https://focotocantins.com.br)
2026-03-31 18:39:48,083 [INFO]   → 32 artigos extraídos
2026-03-31 18:39:48,084 [INFO] Varrendo: Jornal Tocantins News (https://jornaltocantinsnews.com.br)
2026-03-31 18:39:49,485 [INFO]   → 1 artigos extraídos
2026-03-31 18:39:49,485 [INFO] Varrendo: Notícia Tocantins (https://noticiatocantins.com.br)
2026-03-31 18:39:50,986 [INFO]   → 7 artigos extraídos
2026-03-31 18:39:50,986 [INFO] Varrendo: Tocantins Agora (https://www.tocantinsagora.com.br)
2026-03-31 18:39:52,454 [INFO]   → 44 artigos extraídos
2026-03-31 18:39:52,454 [INFO] Varrendo: Portal O Norte (https://www.portalonorte.com.br)
2026-03-31 18:39:52,499 [WARNING] Erro ao acessar https://www.portalonorte.com.br: HTTPSConnectionPool(host='www.portalonorte.com.br', port=443): Max retries exceeded with url: / (Caused by NameResolutionError("HTTPSConnection(host='www.portalonorte.com.br', port=443): Failed to resolve 'www.portalonorte.com.br' ([Errno 11001] getaddrinfo failed)"))
2026-03-31 18:39:52,499 [INFO] Varrendo: Portal Norte (SBT) (https://portalnorte.com.br/regiao/tocantins/)
2026-03-31 18:39:53,326 [INFO]   → 30 artigos extraídos
2026-03-31 18:39:53,326 [INFO] Varrendo: Tocantins Notícia (https://tonoticia.com.br)
2026-03-31 18:39:54,875 [INFO]   → 62 artigos extraídos
2026-03-31 18:39:54,876 [INFO] Varrendo: Portal Fatos e Notícias (https://www.portalfatosenoticias.com.br)
2026-03-31 18:39:56,378 [INFO]   → 24 artigos extraídos
2026-03-31 18:39:56,378 [INFO] Varrendo: PMTO Oficial (https://www.to.gov.br/pm/noticias)
2026-03-31 18:39:57,278 [INFO]   → 44 artigos extraídos
2026-03-31 18:39:57,279 [INFO]   🔔 NOVA MENÇÃO [INSTITUCIONAL]: Unidades Operacionais e Companhias: PMTO de Norte a Sul...
2026-03-31 18:39:57,279 [INFO]   🔔 NOVA MENÇÃO [INSTITUCIONAL]: Conheça as Unidades da PMTO...
2026-03-31 18:39:57,279 [INFO]   🔔 NOVA MENÇÃO [INSTITUCIONAL]: CLASSIFICAÇÃO DAS INFORMAÇÕES SIGILOSAS NA PMTO...
2026-03-31 18:39:57,280 [INFO]   🔔 NOVA MENÇÃO [INSTITUCIONAL]: Comissão de Promoção da PMTO divulga o resultado final da terceira etapa para co...
2026-03-31 18:39:57,280 [INFO]   🔔 NOVA MENÇÃO [INSTITUCIONAL]: Em Caseara: PMTO cumpre mandado de prisão de homem pelo crime de abuso contra me...
2026-03-31 18:39:57,280 [INFO]   🔔 NOVA MENÇÃO [INSTITUCIONAL]: Oficiais da PMTO concluem curso de Mediação de Conflitos e reforçam atuação volt...
2026-03-31 18:39:57,281 [INFO]   🔔 NOVA MENÇÃO [INSTITUCIONAL]: II Encontro Nacional Motociclístico do GIRO é realizado pela PMTO com foco em in...
2026-03-31 18:39:57,282 [INFO] 
✅ 11 nova(s) menção(ões) detectada(s)!
2026-03-31 18:39:57,282 [ERROR] GMAIL_APP_PASSWORD não configurada no .env. Gere uma Senha de App em https://myaccount.google.com/apppasswords
2026-03-31 18:39:57,282 [WARNING] Notificação por e-mail falhou. Resumo salvo no log:
2026-03-31 18:39:57,283 [INFO]   [institucional] [AF Notícias] Viatura da PMTO fica destruída após bater em poste e árvore; dois militares ficam feridos → https://afnoticias.com.br/central-190/viatura-da-pmto-bate-em-poste-e-arvore-em-batida-dois-policiais-ficam-feridos
2026-03-31 18:39:57,283 [INFO]   [institucional] [AF Notícias] PMTO tinha só 2 mulheres no início: conheça as pioneiras que abriram caminho → https://afnoticias.com.br/vida-sociedade/dia-da-policial-militar-feminina-legado-e-protagonismo-na-pmto
2026-03-31 18:39:57,283 [INFO]   [direta] [Atitude Tocantins] Márcio Barbosa deixa Comando da PMTO como nome forte na disputa a deputado federal  e referência na segurança → https://atitudeto.com.br/politica/marcio-barbosa-deixa-comando-da-pmto-como-nome-forte-na-disputa-a-deputado-federal-e-referencia-na-seguranca/
2026-03-31 18:39:57,283 [INFO]   [direta] [Sou de Palmas] Coronel Barbosa deixa comando da PMTO para pré-candidatura a deputado federal enquanto Cláudio Thomaz assume liderança da corporação → https://soudepalmas.com.br/tocantins/coronel-barbosa-deixa-comando-da-pmto-para-pre-candidatura-a-deputado-federal-enquanto-claudio-thomaz-assume-lideranca-da-corporacao
2026-03-31 18:39:57,283 [INFO]   [institucional] [PMTO Oficial] Unidades Operacionais e Companhias: PMTO de Norte a Sul → http://www.to.gov.br/pm/unidades-operacionais-e-companhias-pmto-de-norte-a-sul/7g20i4a00qqo
2026-03-31 18:39:57,284 [INFO]   [institucional] [PMTO Oficial] Conheça as Unidades da PMTO → http://www.to.gov.br/pm/conheca-as-unidades-da-pmto/3nzl55pljnrn
2026-03-31 18:39:57,284 [INFO]   [institucional] [PMTO Oficial] CLASSIFICAÇÃO DAS INFORMAÇÕES SIGILOSAS NA PMTO → http://www.to.gov.br/pm/classificacao-das-informacoes-sigilosas-na-pmto/7e3c44lmsqhs
2026-03-31 18:39:57,284 [INFO]   [institucional] [PMTO Oficial] Comissão de Promoção da PMTO divulga o resultado final da terceira etapa para composição dos quadros de acesso → http://www.to.gov.br/pm/noticias/comissao-de-promocao-da-pmto-divulga-o-resultado-final-da-terceira-etapa-para-composicao-dos-quadros-de-acesso/38c7ri7o4nt4
2026-03-31 18:39:57,284 [INFO]   [institucional] [PMTO Oficial] Em Caseara: PMTO cumpre mandado de prisão de homem pelo crime de abuso contra menor → http://www.to.gov.br/pm/noticias/em-caseara-pmto-cumpre-mandado-de-prisao-de-homem-pelo-crime-de-abuso-contra-menor/4thlnc9ikvf5
2026-03-31 18:39:57,285 [INFO]   [institucional] [PMTO Oficial] Oficiais da PMTO concluem curso de Mediação de Conflitos e reforçam atuação voltada à preservação da vida → http://www.to.gov.br/pm/noticias/oficiais-da-pmto-concluem-curso-de-mediacao-de-conflitos-e-reforcam-atuacao-voltada-a-preservacao-da-vida/75uckt44nrf1
2026-03-31 18:39:57,285 [INFO]   [institucional] [PMTO Oficial] II Encontro Nacional Motociclístico do GIRO é realizado pela PMTO com foco em integração e solidariedade → http://www.to.gov.br/pm/noticias/ii-encontro-nacional-motociclistico-do-giro-e-realizado-pela-pmto-com-foco-em-integracao-e-solidariedade/3ia7lktw7zq0
2026-03-31 18:39:57,285 [INFO] 
Resumo: 19/20 fontes OK | 1 erros | 653 artigos analisados | 11 novas menções
2026-03-31 18:42:31,423 [INFO] ==================================================
2026-03-31 18:42:31,423 [INFO] Iniciando varredura de menções...
2026-03-31 18:42:31,424 [INFO] ==================================================
2026-03-31 18:42:31,424 [INFO] Varrendo: Luiz Armando Costa (https://www.luizarmandocosta.com.br)
2026-03-31 18:42:33,661 [INFO]   → 27 artigos extraídos
2026-03-31 18:42:33,662 [INFO] Varrendo: T1 Notícias (https://t1noticias.com.br/estado/)
2026-03-31 18:42:37,137 [INFO]   → 18 artigos extraídos
2026-03-31 18:42:37,137 [INFO] Varrendo: Cleber Toledo (https://clebertoledo.com.br/categoria/tocantins/)
2026-03-31 18:42:38,528 [INFO]   → 25 artigos extraídos
2026-03-31 18:42:38,529 [INFO] Varrendo: AF Notícias (https://afnoticias.com.br)
2026-03-31 18:42:40,314 [INFO]   → 47 artigos extraídos
2026-03-31 18:42:40,315 [INFO] Varrendo: Atitude Tocantins (https://atitudeto.com.br)
2026-03-31 18:42:41,247 [INFO]   → 48 artigos extraídos
2026-03-31 18:42:41,248 [INFO] Varrendo: Jornal do Tocantins (https://www.jornaldotocantins.com.br)
2026-03-31 18:42:42,293 [INFO]   → 0 artigos extraídos
2026-03-31 18:42:42,293 [INFO] Varrendo: Gazeta do Cerrado (https://gazetadocerrado.com.br)
2026-03-31 18:42:43,185 [INFO]   → 56 artigos extraídos
2026-03-31 18:42:43,186 [INFO] Varrendo: Conexão Tocantins (https://conexaoto.com.br)
2026-03-31 18:42:44,619 [INFO]   → 81 artigos extraídos
2026-03-31 18:42:44,620 [INFO] Varrendo: Agência Tocantins (https://www.agenciatocantins.com.br/policia)
2026-03-31 18:42:45,822 [INFO]   → 25 artigos extraídos
2026-03-31 18:42:45,822 [INFO] Varrendo: Sou de Palmas (https://soudepalmas.com.br)
2026-03-31 18:42:46,776 [INFO]   → 54 artigos extraídos
2026-03-31 18:42:46,777 [INFO] Varrendo: Portal O Tocantins (https://otocantins.com.br)
2026-03-31 18:42:47,584 [INFO]   → 28 artigos extraídos
2026-03-31 18:42:47,585 [INFO] Varrendo: Foco Tocantins (https://focotocantins.com.br)
2026-03-31 18:42:48,278 [INFO]   → 32 artigos extraídos
2026-03-31 18:42:48,279 [INFO] Varrendo: Jornal Tocantins News (https://jornaltocantinsnews.com.br)
2026-03-31 18:42:49,485 [INFO]   → 1 artigos extraídos
2026-03-31 18:42:49,485 [INFO] Varrendo: Notícia Tocantins (https://noticiatocantins.com.br)
2026-03-31 18:42:50,869 [INFO]   → 7 artigos extraídos
2026-03-31 18:42:50,870 [INFO] Varrendo: Tocantins Agora (https://www.tocantinsagora.com.br)
2026-03-31 18:42:52,699 [INFO]   → 44 artigos extraídos
2026-03-31 18:42:52,700 [INFO] Varrendo: Portal O Norte (https://www.portalonorte.com.br)
2026-03-31 18:42:52,716 [WARNING] Erro ao acessar https://www.portalonorte.com.br: HTTPSConnectionPool(host='www.portalonorte.com.br', port=443): Max retries exceeded with url: / (Caused by NameResolutionError("HTTPSConnection(host='www.portalonorte.com.br', port=443): Failed to resolve 'www.portalonorte.com.br' ([Errno 11001] getaddrinfo failed)"))
2026-03-31 18:42:52,716 [INFO] Varrendo: Portal Norte (SBT) (https://portalnorte.com.br/regiao/tocantins/)
2026-03-31 18:42:53,462 [INFO]   → 30 artigos extraídos
2026-03-31 18:42:53,463 [INFO] Varrendo: Tocantins Notícia (https://tonoticia.com.br)
2026-03-31 18:42:55,007 [INFO]   → 62 artigos extraídos
2026-03-31 18:42:55,008 [INFO] Varrendo: Portal Fatos e Notícias (https://www.portalfatosenoticias.com.br)
2026-03-31 18:42:56,751 [INFO]   → 24 artigos extraídos
2026-03-31 18:42:56,752 [INFO] Varrendo: PMTO Oficial (https://www.to.gov.br/pm/noticias)
2026-03-31 18:42:57,609 [INFO]   → 44 artigos extraídos
2026-03-31 18:42:57,610 [INFO] 
— Nenhuma nova menção detectada nesta varredura.
2026-03-31 18:42:57,611 [INFO] 
Resumo: 19/20 fontes OK | 1 erros | 653 artigos analisados | 0 novas menções
2026-03-31 18:43:28,042 [INFO] ==================================================
2026-03-31 18:43:28,042 [INFO] Iniciando varredura de menções...
2026-03-31 18:43:28,043 [INFO] ==================================================
2026-03-31 18:43:28,043 [INFO] Varrendo: Luiz Armando Costa (https://www.luizarmandocosta.com.br)
2026-03-31 18:43:30,144 [INFO]   → 27 artigos extraídos
2026-03-31 18:43:30,144 [INFO] Varrendo: T1 Notícias (https://t1noticias.com.br/estado/)
2026-03-31 18:43:31,731 [INFO]   → 18 artigos extraídos
2026-03-31 18:43:31,732 [INFO] Varrendo: Cleber Toledo (https://clebertoledo.com.br/categoria/tocantins/)
2026-03-31 18:43:33,097 [INFO]   → 25 artigos extraídos
2026-03-31 18:43:33,097 [INFO] Varrendo: AF Notícias (https://afnoticias.com.br)
2026-03-31 18:43:34,549 [INFO]   → 47 artigos extraídos
2026-03-31 18:43:34,549 [INFO]   🔔 NOVA MENÇÃO [INSTITUCIONAL]: Viatura da PMTO fica destruída após bater em poste e árvore; dois militares fica...
2026-03-31 18:43:34,550 [INFO]   🔔 NOVA MENÇÃO [INSTITUCIONAL]: PMTO tinha só 2 mulheres no início: conheça as pioneiras que abriram caminho...
2026-03-31 18:43:34,550 [INFO] Varrendo: Atitude Tocantins (https://atitudeto.com.br)
2026-03-31 18:43:35,322 [INFO]   → 48 artigos extraídos
2026-03-31 18:43:35,323 [INFO]   🔔 NOVA MENÇÃO [DIRETA]: Márcio Barbosa deixa Comando da PMTO como nome forte na disputa a deputado feder...
2026-03-31 18:43:35,323 [INFO] Varrendo: Jornal do Tocantins (https://www.jornaldotocantins.com.br)
2026-03-31 18:43:37,023 [INFO]   → 0 artigos extraídos
2026-03-31 18:43:37,023 [INFO] Varrendo: Gazeta do Cerrado (https://gazetadocerrado.com.br)
2026-03-31 18:43:37,822 [INFO]   → 56 artigos extraídos
2026-03-31 18:43:37,823 [INFO] Varrendo: Conexão Tocantins (https://conexaoto.com.br)
2026-03-31 18:43:39,525 [INFO]   → 81 artigos extraídos
2026-03-31 18:43:39,526 [INFO] Varrendo: Agência Tocantins (https://www.agenciatocantins.com.br/policia)
2026-03-31 18:43:40,647 [INFO]   → 25 artigos extraídos
2026-03-31 18:43:40,648 [INFO] Varrendo: Sou de Palmas (https://soudepalmas.com.br)
2026-03-31 18:43:41,449 [INFO]   → 54 artigos extraídos
2026-03-31 18:43:41,450 [INFO]   🔔 NOVA MENÇÃO [DIRETA]: Coronel Barbosa deixa comando da PMTO para pré-candidatura a deputado federal en...
2026-03-31 18:43:41,450 [INFO] Varrendo: Portal O Tocantins (https://otocantins.com.br)
2026-03-31 18:43:42,335 [INFO]   → 28 artigos extraídos
2026-03-31 18:43:42,336 [INFO] Varrendo: Foco Tocantins (https://focotocantins.com.br)
2026-03-31 18:43:43,006 [INFO]   → 32 artigos extraídos
2026-03-31 18:43:43,007 [INFO] Varrendo: Jornal Tocantins News (https://jornaltocantinsnews.com.br)
2026-03-31 18:43:44,201 [INFO]   → 1 artigos extraídos
2026-03-31 18:43:44,202 [INFO] Varrendo: Notícia Tocantins (https://noticiatocantins.com.br)
2026-03-31 18:43:45,544 [INFO]   → 7 artigos extraídos
2026-03-31 18:43:45,544 [INFO] Varrendo: Tocantins Agora (https://www.tocantinsagora.com.br)
2026-03-31 18:43:46,620 [INFO]   → 44 artigos extraídos
2026-03-31 18:43:46,620 [INFO] Varrendo: Portal O Norte (https://www.portalonorte.com.br)
2026-03-31 18:43:46,630 [WARNING] Erro ao acessar https://www.portalonorte.com.br: HTTPSConnectionPool(host='www.portalonorte.com.br', port=443): Max retries exceeded with url: / (Caused by NameResolutionError("HTTPSConnection(host='www.portalonorte.com.br', port=443): Failed to resolve 'www.portalonorte.com.br' ([Errno 11001] getaddrinfo failed)"))
2026-03-31 18:43:46,630 [INFO] Varrendo: Portal Norte (SBT) (https://portalnorte.com.br/regiao/tocantins/)
2026-03-31 18:43:47,331 [INFO]   → 30 artigos extraídos
2026-03-31 18:43:47,331 [INFO] Varrendo: Tocantins Notícia (https://tonoticia.com.br)
2026-03-31 18:43:48,798 [INFO]   → 62 artigos extraídos
2026-03-31 18:43:48,799 [INFO] Varrendo: Portal Fatos e Notícias (https://www.portalfatosenoticias.com.br)
2026-03-31 18:43:50,450 [INFO]   → 24 artigos extraídos
2026-03-31 18:43:50,450 [INFO] Varrendo: PMTO Oficial (https://www.to.gov.br/pm/noticias)
2026-03-31 18:43:51,375 [INFO]   → 44 artigos extraídos
2026-03-31 18:43:51,375 [INFO]   🔔 NOVA MENÇÃO [INSTITUCIONAL]: Unidades Operacionais e Companhias: PMTO de Norte a Sul...
2026-03-31 18:43:51,375 [INFO]   🔔 NOVA MENÇÃO [INSTITUCIONAL]: Conheça as Unidades da PMTO...
2026-03-31 18:43:51,376 [INFO]   🔔 NOVA MENÇÃO [INSTITUCIONAL]: CLASSIFICAÇÃO DAS INFORMAÇÕES SIGILOSAS NA PMTO...
2026-03-31 18:43:51,376 [INFO]   🔔 NOVA MENÇÃO [INSTITUCIONAL]: Comissão de Promoção da PMTO divulga o resultado final da terceira etapa para co...
2026-03-31 18:43:51,377 [INFO]   🔔 NOVA MENÇÃO [INSTITUCIONAL]: Em Caseara: PMTO cumpre mandado de prisão de homem pelo crime de abuso contra me...
2026-03-31 18:43:51,377 [INFO]   🔔 NOVA MENÇÃO [INSTITUCIONAL]: Oficiais da PMTO concluem curso de Mediação de Conflitos e reforçam atuação volt...
2026-03-31 18:43:51,377 [INFO]   🔔 NOVA MENÇÃO [INSTITUCIONAL]: II Encontro Nacional Motociclístico do GIRO é realizado pela PMTO com foco em in...
2026-03-31 18:43:51,379 [INFO] 
✅ 11 nova(s) menção(ões) detectada(s)!
2026-03-31 18:44:00,534 [INFO] E-mail de alerta enviado para marcelsalescampelo@gmail.com.
2026-03-31 18:44:00,534 [INFO] 
Resumo: 19/20 fontes OK | 1 erros | 653 artigos analisados | 11 novas menções
2026-03-31 19:00:01,606 [INFO] ==================================================
2026-03-31 19:00:01,607 [INFO] Iniciando varredura de menções...
2026-03-31 19:00:01,607 [INFO] ==================================================
2026-03-31 19:00:01,608 [INFO] Varrendo: Luiz Armando Costa (https://www.luizarmandocosta.com.br)
2026-03-31 19:00:04,268 [INFO]   → 27 artigos extraídos
2026-03-31 19:00:04,268 [INFO] Varrendo: T1 Notícias (https://t1noticias.com.br/estado/)
2026-03-31 19:00:05,864 [INFO]   → 18 artigos extraídos
2026-03-31 19:00:05,865 [INFO] Varrendo: Cleber Toledo (https://clebertoledo.com.br/categoria/tocantins/)
2026-03-31 19:00:08,311 [INFO]   → 25 artigos extraídos
2026-03-31 19:00:08,312 [INFO] Varrendo: AF Notícias (https://afnoticias.com.br)
2026-03-31 19:00:09,942 [INFO]   → 47 artigos extraídos
2026-03-31 19:00:09,942 [INFO] Varrendo: Atitude Tocantins (https://atitudeto.com.br)
2026-03-31 19:00:10,757 [INFO]   → 48 artigos extraídos
2026-03-31 19:00:10,758 [INFO] Varrendo: Jornal do Tocantins (https://www.jornaldotocantins.com.br)
2026-03-31 19:00:11,785 [INFO]   → 0 artigos extraídos
2026-03-31 19:00:11,785 [INFO] Varrendo: Gazeta do Cerrado (https://gazetadocerrado.com.br)
2026-03-31 19:00:12,564 [INFO]   → 56 artigos extraídos
2026-03-31 19:00:12,565 [INFO] Varrendo: Conexão Tocantins (https://conexaoto.com.br)
2026-03-31 19:00:14,153 [INFO]   → 81 artigos extraídos
2026-03-31 19:00:14,153 [INFO] Varrendo: Agência Tocantins (https://www.agenciatocantins.com.br/policia)
2026-03-31 19:00:15,483 [INFO]   → 25 artigos extraídos
2026-03-31 19:00:15,483 [INFO] Varrendo: Sou de Palmas (https://soudepalmas.com.br)
2026-03-31 19:00:16,449 [INFO]   → 54 artigos extraídos
2026-03-31 19:00:16,450 [INFO] Varrendo: Portal O Tocantins (https://otocantins.com.br)
2026-03-31 19:00:17,428 [INFO]   → 28 artigos extraídos
2026-03-31 19:00:17,429 [INFO] Varrendo: Foco Tocantins (https://focotocantins.com.br)
2026-03-31 19:00:18,398 [INFO]   → 32 artigos extraídos
2026-03-31 19:00:18,398 [INFO] Varrendo: Jornal Tocantins News (https://jornaltocantinsnews.com.br)
2026-03-31 19:00:19,694 [INFO]   → 1 artigos extraídos
2026-03-31 19:00:19,694 [INFO] Varrendo: Notícia Tocantins (https://noticiatocantins.com.br)
2026-03-31 19:00:21,089 [INFO]   → 6 artigos extraídos
2026-03-31 19:00:21,089 [INFO] Varrendo: Tocantins Agora (https://www.tocantinsagora.com.br)
2026-03-31 19:00:22,346 [INFO]   → 44 artigos extraídos
2026-03-31 19:00:22,347 [INFO] Varrendo: Portal O Norte (https://www.portalonorte.com.br)
2026-03-31 19:00:22,393 [WARNING] Erro ao acessar https://www.portalonorte.com.br: HTTPSConnectionPool(host='www.portalonorte.com.br', port=443): Max retries exceeded with url: / (Caused by NameResolutionError("HTTPSConnection(host='www.portalonorte.com.br', port=443): Failed to resolve 'www.portalonorte.com.br' ([Errno 11001] getaddrinfo failed)"))
2026-03-31 19:00:22,393 [INFO] Varrendo: Portal Norte (SBT) (https://portalnorte.com.br/regiao/tocantins/)
2026-03-31 19:00:23,098 [INFO]   → 30 artigos extraídos
2026-03-31 19:00:23,099 [INFO] Varrendo: Tocantins Notícia (https://tonoticia.com.br)
2026-03-31 19:00:24,559 [INFO]   → 62 artigos extraídos
2026-03-31 19:00:24,560 [INFO] Varrendo: Portal Fatos e Notícias (https://www.portalfatosenoticias.com.br)
2026-03-31 19:00:26,175 [INFO]   → 24 artigos extraídos
2026-03-31 19:00:26,175 [INFO] Varrendo: PMTO Oficial (https://www.to.gov.br/pm/noticias)
2026-03-31 19:00:27,026 [INFO]   → 44 artigos extraídos
2026-03-31 19:00:27,027 [INFO] 
— Nenhuma nova menção detectada nesta varredura.
2026-03-31 19:00:27,028 [INFO] 
Resumo: 19/20 fontes OK | 1 erros | 652 artigos analisados | 0 novas menções
